<?xml version="1.0" encoding="UTF-8"?>
<!-- Generated by org.testng.reporters.JUnitXMLReporter -->
<testsuite ignored="2" hostname="V25CD115K2V8" failures="0" tests="1" name="Default test" time="1.631" errors="0" timestamp="2024-04-14T19:52:35 IST">
  <testcase classname="com.vijay.practise.RestAssuredPOSTrequest" name="addproductusingJsonobject" time="1.599"/>
  <testcase classname="com.vijay.practise.RestAssuredPOSTrequest" name="addproductusingMap" time="0.0">
    <ignored/>
  </testcase> <!-- addproductusingMap -->
  <testcase classname="com.vijay.practise.RestAssuredPOSTrequest" name="addproductusingJsonasstring" time="0.0">
    <ignored/>
  </testcase> <!-- addproductusingJsonasstring -->
</testsuite> <!-- Default test -->
