<?xml version="1.0" encoding="UTF-8"?>
<testng-results ignored="0" total="1" passed="1" failed="0" skipped="0">
  <reporter-output>
  </reporter-output>
  <suite started-at="2024-04-14T19:52:33 IST" name="Default suite" finished-at="2024-04-14T19:52:35 IST" duration-ms="1631">
    <groups>
    </groups>
    <test started-at="2024-04-14T19:52:33 IST" name="Default test" finished-at="2024-04-14T19:52:35 IST" duration-ms="1631">
      <class name="com.vijay.practise.RestAssuredPOSTrequest">
        <test-method signature="addproductusingJsonobject()[pri:0, instance:com.vijay.practise.RestAssuredPOSTrequest@43dac38f]" started-at="2024-04-14T19:52:33 IST" name="addproductusingJsonobject" finished-at="2024-04-14T19:52:35 IST" duration-ms="1599" status="PASS">
          <reporter-output>
          </reporter-output>
        </test-method> <!-- addproductusingJsonobject -->
      </class> <!-- com.vijay.practise.RestAssuredPOSTrequest -->
    </test> <!-- Default test -->
  </suite> <!-- Default suite -->
</testng-results>
